# JRE version: OpenJDK Runtime Environment Temurin-17.0.1+12 (17.0.1+12) (build 17.0.1+12)
# Java VM: OpenJDK 64-Bit Server VM Temurin-17.0.1+12 (17.0.1+12, mixed mode, tiered, compressed oops, compressed class ptrs, g1 gc, windows-amd64)
GC Precious Log:
 CPUs: 8 total, 8 available
 Memory: 3900M
 Large Page Support: Disabled
 NUMA Support: Disabled
 Compressed Oops: Enabled (32-bit)
 Heap Region Size: 1M
 Heap Min Capacity: 8M
 Heap Initial Capacity: 62M
 Heap Max Capacity: 976M
 Pre-touch: Disabled
 Parallel Workers: 8
 Concurrent Workers: 2
 Concurrent Refinement Workers: 8
 Periodic GC: Disabled
Heap:
 garbage-first heap   total 63488K, used 22740K [0x00000000c3000000, 0x0000000100000000)
  region size 1024K, 2 young (2048K), 2 survivors (2048K)
 Metaspace       used 38296K, committed 38528K, reserved 1089536K
  class space    used 4375K, committed 4480K, reserved 1048576K
GC Heap History (19 events):
Event: 1.996 GC heap before
{Heap before GC invocations=0 (full 0):
 garbage-first heap   total 63488K, used 22528K [0x00000000c3000000, 0x0000000100000000)
  region size 1024K, 23 young (23552K), 0 survivors (0K)
 Metaspace       used 12873K, committed 12992K, reserved 1064960K
  class space    used 1227K, committed 1280K, reserved 1048576K
}
Event: 2.007 GC heap after
{Heap after GC invocations=1 (full 0):
 garbage-first heap   total 63488K, used 7590K [0x00000000c3000000, 0x0000000100000000)
  region size 1024K, 3 young (3072K), 3 survivors (3072K)
 Metaspace       used 12873K, committed 12992K, reserved 1064960K
  class space    used 1227K, committed 1280K, reserved 1048576K
}
Event: 3.882 GC heap before
{Heap before GC invocations=1 (full 0):
 garbage-first heap   total 63488K, used 29094K [0x00000000c3000000, 0x0000000100000000)
  region size 1024K, 24 young (24576K), 3 survivors (3072K)
 Metaspace       used 19630K, committed 19776K, reserved 1073152K
  class space    used 2031K, committed 2112K, reserved 1048576K
}
Event: 3.890 GC heap after
{Heap after GC invocations=2 (full 0):
 garbage-first heap   total 63488K, used 10379K [0x00000000c3000000, 0x0000000100000000)
  region size 1024K, 3 young (3072K), 3 survivors (3072K)
 Metaspace       used 19630K, committed 19776K, reserved 1073152K
  class space    used 2031K, committed 2112K, reserved 1048576K
}
Event: 4.091 GC heap before
{Heap before GC invocations=2 (full 0):
 garbage-first heap   total 63488K, used 15499K [0x00000000c3000000, 0x0000000100000000)
  region size 1024K, 9 young (9216K), 3 survivors (3072K)
 Metaspace       used 21329K, committed 21504K, reserved 1073152K
  class space    used 2249K, committed 2368K, reserved 1048576K
}
Event: 4.096 GC heap after
{Heap after GC invocations=3 (full 0):
 garbage-first heap   total 63488K, used 10902K [0x00000000c3000000, 0x0000000100000000)
  region size 1024K, 1 young (1024K), 1 survivors (1024K)
 Metaspace       used 21329K, committed 21504K, reserved 1073152K
  class space    used 2249K, committed 2368K, reserved 1048576K
}
Event: 5.105 GC heap before
{Heap before GC invocations=4 (full 0):
 garbage-first heap   total 40960K, used 31382K [0x00000000c3000000, 0x0000000100000000)
  region size 1024K, 22 young (22528K), 1 survivors (1024K)
 Metaspace       used 28190K, committed 28352K, reserved 1081344K
  class space    used 3072K, committed 3136K, reserved 1048576K
}
Event: 5.112 GC heap after
{Heap after GC invocations=5 (full 0):
 garbage-first heap   total 40960K, used 13655K [0x00000000c3000000, 0x0000000100000000)
  region size 1024K, 3 young (3072K), 3 survivors (3072K)
 Metaspace       used 28190K, committed 28352K, reserved 1081344K
  class space    used 3072K, committed 3136K, reserved 1048576K
}
Event: 11.306 GC heap before
{Heap before GC invocations=5 (full 0):
 garbage-first heap   total 40960K, used 32087K [0x00000000c3000000, 0x0000000100000000)
  region size 1024K, 17 young (17408K), 3 survivors (3072K)
 Metaspace       used 31856K, committed 32128K, reserved 1081344K
  class space    used 3613K, committed 3712K, reserved 1048576K
}
Event: 11.313 GC heap after
{Heap after GC invocations=6 (full 0):
 garbage-first heap   total 40960K, used 19756K [0x00000000c3000000, 0x0000000100000000)
  region size 1024K, 1 young (1024K), 1 survivors (1024K)
 Metaspace       used 31856K, committed 32128K, reserved 1081344K
  class space    used 3613K, committed 3712K, reserved 1048576K
}
Event: 19.226 GC heap before
{Heap before GC invocations=6 (full 0):
 garbage-first heap   total 40960K, used 28972K [0x00000000c3000000, 0x0000000100000000)
  region size 1024K, 11 young (11264K), 1 survivors (1024K)
 Metaspace       used 34169K, committed 34496K, reserved 1081344K
  class space    used 3886K, committed 4032K, reserved 1048576K
}
Event: 19.232 GC heap after
{Heap after GC invocations=7 (full 0):
 garbage-first heap   total 40960K, used 20723K [0x00000000c3000000, 0x0000000100000000)
  region size 1024K, 2 young (2048K), 2 survivors (2048K)
 Metaspace       used 34169K, committed 34496K, reserved 1081344K
  class space    used 3886K, committed 4032K, reserved 1048576K
}
Event: 19.764 GC heap before
{Heap before GC invocations=8 (full 0):
 garbage-first heap   total 40960K, used 30963K [0x00000000c3000000, 0x0000000100000000)
  region size 1024K, 12 young (12288K), 2 survivors (2048K)
 Metaspace       used 36686K, committed 36928K, reserved 1081344K
  class space    used 4169K, committed 4288K, reserved 1048576K
}
Event: 19.769 GC heap after
{Heap after GC invocations=9 (full 0):
 garbage-first heap   total 40960K, used 21663K [0x00000000c3000000, 0x0000000100000000)
  region size 1024K, 1 young (1024K), 1 survivors (1024K)
 Metaspace       used 36686K, committed 36928K, reserved 1081344K
  class space    used 4169K, committed 4288K, reserved 1048576K
}
Event: 20.074 GC heap before
{Heap before GC invocations=9 (full 0):
 garbage-first heap   total 40960K, used 30879K [0x00000000c3000000, 0x0000000100000000)
  region size 1024K, 10 young (10240K), 1 survivors (1024K)
 Metaspace       used 38281K, committed 38464K, reserved 1089536K
  class space    used 4375K, committed 4480K, reserved 1048576K
}
Event: 20.078 GC heap after
{Heap after GC invocations=10 (full 0):
 garbage-first heap   total 40960K, used 21988K [0x00000000c3000000, 0x0000000100000000)
  region size 1024K, 2 young (2048K), 2 survivors (2048K)
 Metaspace       used 38281K, committed 38464K, reserved 1089536K
  class space    used 4375K, committed 4480K, reserved 1048576K
}
Event: 20.104 GC heap before
{Heap before GC invocations=10 (full 0):
 garbage-first heap   total 51200K, used 31204K [0x00000000c3000000, 0x0000000100000000)
  region size 1024K, 11 young (11264K), 2 survivors (2048K)
 Metaspace       used 38296K, committed 38528K, reserved 1089536K
  class space    used 4375K, committed 4480K, reserved 1048576K
}
Event: 20.111 GC heap after
{Heap after GC invocations=11 (full 0):
 garbage-first heap   total 51200K, used 22353K [0x00000000c3000000, 0x0000000100000000)
  region size 1024K, 1 young (1024K), 1 survivors (1024K)
 Metaspace       used 38296K, committed 38528K, reserved 1089536K
  class space    used 4375K, committed 4480K, reserved 1048576K
}
Event: 20.143 GC heap before
{Heap before GC invocations=12 (full 0):
 garbage-first heap   total 51200K, used 39761K [0x00000000c3000000, 0x0000000100000000)
  region size 1024K, 18 young (18432K), 1 survivors (1024K)
 Metaspace       used 38296K, committed 38528K, reserved 1089536K
  class space    used 4375K, committed 4480K, reserved 1048576K
}

