# JRE version: OpenJDK Runtime Environment Temurin-17.0.1+12 (17.0.1+12) (build 17.0.1+12)
# Java VM: OpenJDK 64-Bit Server VM Temurin-17.0.1+12 (17.0.1+12, mixed mode, tiered, compressed oops, compressed class ptrs, g1 gc, windows-amd64)
GC Precious Log:
 CPUs: 8 total, 8 available
 Memory: 3900M
 Large Page Support: Disabled
 NUMA Support: Disabled
 Compressed Oops: Enabled (32-bit)
 Heap Region Size: 1M
 Heap Min Capacity: 8M
 Heap Initial Capacity: 62M
 Heap Max Capacity: 976M
 Pre-touch: Disabled
 Parallel Workers: 8
 Concurrent Workers: 2
 Concurrent Refinement Workers: 8
 Periodic GC: Disabled
Heap:
 garbage-first heap   total 60416K, used 35867K [0x00000000c3000000, 0x0000000100000000)
  region size 1024K, 2 young (2048K), 1 survivors (1024K)
 Metaspace       used 45600K, committed 45888K, reserved 1089536K
  class space    used 5038K, committed 5184K, reserved 1048576K
GC Heap History (20 events):
Event: 324.510 GC heap before
{Heap before GC invocations=218 (full 0):
 garbage-first heap   total 60416K, used 48271K [0x00000000c3000000, 0x0000000100000000)
  region size 1024K, 25 young (25600K), 2 survivors (2048K)
 Metaspace       used 45517K, committed 45824K, reserved 1089536K
  class space    used 5034K, committed 5184K, reserved 1048576K
}
Event: 324.512 GC heap after
{Heap after GC invocations=219 (full 0):
 garbage-first heap   total 60416K, used 25406K [0x00000000c3000000, 0x0000000100000000)
  region size 1024K, 1 young (1024K), 1 survivors (1024K)
 Metaspace       used 45517K, committed 45824K, reserved 1089536K
  class space    used 5034K, committed 5184K, reserved 1048576K
}
Event: 325.558 GC heap before
{Heap before GC invocations=219 (full 0):
 garbage-first heap   total 60416K, used 48958K [0x00000000c3000000, 0x0000000100000000)
  region size 1024K, 25 young (25600K), 1 survivors (1024K)
 Metaspace       used 45517K, committed 45824K, reserved 1089536K
  class space    used 5034K, committed 5184K, reserved 1048576K
}
Event: 325.560 GC heap after
{Heap after GC invocations=220 (full 0):
 garbage-first heap   total 60416K, used 25681K [0x00000000c3000000, 0x0000000100000000)
  region size 1024K, 2 young (2048K), 2 survivors (2048K)
 Metaspace       used 45517K, committed 45824K, reserved 1089536K
  class space    used 5034K, committed 5184K, reserved 1048576K
}
Event: 326.609 GC heap before
{Heap before GC invocations=220 (full 0):
 garbage-first heap   total 60416K, used 48209K [0x00000000c3000000, 0x0000000100000000)
  region size 1024K, 25 young (25600K), 2 survivors (2048K)
 Metaspace       used 45518K, committed 45824K, reserved 1089536K
  class space    used 5034K, committed 5184K, reserved 1048576K
}
Event: 326.611 GC heap after
{Heap after GC invocations=221 (full 0):
 garbage-first heap   total 60416K, used 25745K [0x00000000c3000000, 0x0000000100000000)
  region size 1024K, 2 young (2048K), 2 survivors (2048K)
 Metaspace       used 45518K, committed 45824K, reserved 1089536K
  class space    used 5034K, committed 5184K, reserved 1048576K
}
Event: 327.669 GC heap before
{Heap before GC invocations=221 (full 0):
 garbage-first heap   total 60416K, used 48273K [0x00000000c3000000, 0x0000000100000000)
  region size 1024K, 25 young (25600K), 2 survivors (2048K)
 Metaspace       used 45518K, committed 45824K, reserved 1089536K
  class space    used 5034K, committed 5184K, reserved 1048576K
}
Event: 327.671 GC heap after
{Heap after GC invocations=222 (full 0):
 garbage-first heap   total 60416K, used 25684K [0x00000000c3000000, 0x0000000100000000)
  region size 1024K, 2 young (2048K), 2 survivors (2048K)
 Metaspace       used 45518K, committed 45824K, reserved 1089536K
  class space    used 5034K, committed 5184K, reserved 1048576K
}
Event: 328.719 GC heap before
{Heap before GC invocations=222 (full 0):
 garbage-first heap   total 60416K, used 48212K [0x00000000c3000000, 0x0000000100000000)
  region size 1024K, 25 young (25600K), 2 survivors (2048K)
 Metaspace       used 45518K, committed 45824K, reserved 1089536K
  class space    used 5034K, committed 5184K, reserved 1048576K
}
Event: 328.722 GC heap after
{Heap after GC invocations=223 (full 0):
 garbage-first heap   total 60416K, used 25327K [0x00000000c3000000, 0x0000000100000000)
  region size 1024K, 1 young (1024K), 1 survivors (1024K)
 Metaspace       used 45518K, committed 45824K, reserved 1089536K
  class space    used 5034K, committed 5184K, reserved 1048576K
}
Event: 330.333 GC heap before
{Heap before GC invocations=223 (full 0):
 garbage-first heap   total 60416K, used 48879K [0x00000000c3000000, 0x0000000100000000)
  region size 1024K, 25 young (25600K), 1 survivors (1024K)
 Metaspace       used 45518K, committed 45824K, reserved 1089536K
  class space    used 5034K, committed 5184K, reserved 1048576K
}
Event: 330.335 GC heap after
{Heap after GC invocations=224 (full 0):
 garbage-first heap   total 60416K, used 25691K [0x00000000c3000000, 0x0000000100000000)
  region size 1024K, 2 young (2048K), 2 survivors (2048K)
 Metaspace       used 45518K, committed 45824K, reserved 1089536K
  class space    used 5034K, committed 5184K, reserved 1048576K
}
Event: 331.433 GC heap before
{Heap before GC invocations=224 (full 0):
 garbage-first heap   total 60416K, used 48219K [0x00000000c3000000, 0x0000000100000000)
  region size 1024K, 25 young (25600K), 2 survivors (2048K)
 Metaspace       used 45518K, committed 45824K, reserved 1089536K
  class space    used 5034K, committed 5184K, reserved 1048576K
}
Event: 331.437 GC heap after
{Heap after GC invocations=225 (full 0):
 garbage-first heap   total 60416K, used 25669K [0x00000000c3000000, 0x0000000100000000)
  region size 1024K, 1 young (1024K), 1 survivors (1024K)
 Metaspace       used 45518K, committed 45824K, reserved 1089536K
  class space    used 5034K, committed 5184K, reserved 1048576K
}
Event: 333.882 GC heap before
{Heap before GC invocations=225 (full 0):
 garbage-first heap   total 60416K, used 49221K [0x00000000c3000000, 0x0000000100000000)
  region size 1024K, 25 young (25600K), 1 survivors (1024K)
 Metaspace       used 45518K, committed 45824K, reserved 1089536K
  class space    used 5034K, committed 5184K, reserved 1048576K
}
Event: 333.897 GC heap after
{Heap after GC invocations=226 (full 0):
 garbage-first heap   total 60416K, used 25601K [0x00000000c3000000, 0x0000000100000000)
  region size 1024K, 1 young (1024K), 1 survivors (1024K)
 Metaspace       used 45518K, committed 45824K, reserved 1089536K
  class space    used 5034K, committed 5184K, reserved 1048576K
}
Event: 516.576 GC heap before
{Heap before GC invocations=226 (full 0):
 garbage-first heap   total 60416K, used 37889K [0x00000000c3000000, 0x0000000100000000)
  region size 1024K, 15 young (15360K), 1 survivors (1024K)
 Metaspace       used 45554K, committed 45888K, reserved 1089536K
  class space    used 5035K, committed 5184K, reserved 1048576K
}
Event: 516.604 GC heap after
{Heap after GC invocations=227 (full 0):
 garbage-first heap   total 60416K, used 25269K [0x00000000c3000000, 0x0000000100000000)
  region size 1024K, 1 young (1024K), 1 survivors (1024K)
 Metaspace       used 45554K, committed 45888K, reserved 1089536K
  class space    used 5035K, committed 5184K, reserved 1048576K
}
Event: 543.128 GC heap before
{Heap before GC invocations=227 (full 0):
 garbage-first heap   total 60416K, used 34485K [0x00000000c3000000, 0x0000000100000000)
  region size 1024K, 6 young (6144K), 1 survivors (1024K)
 Metaspace       used 45600K, committed 45888K, reserved 1089536K
  class space    used 5038K, committed 5184K, reserved 1048576K
}
Event: 543.156 GC heap after
{Heap after GC invocations=228 (full 0):
 garbage-first heap   total 60416K, used 30747K [0x00000000c3000000, 0x0000000100000000)
  region size 1024K, 1 young (1024K), 1 survivors (1024K)
 Metaspace       used 45600K, committed 45888K, reserved 1089536K
  class space    used 5038K, committed 5184K, reserved 1048576K
}

