# JRE version: OpenJDK Runtime Environment Temurin-17.0.1+12 (17.0.1+12) (build 17.0.1+12)
# Java VM: OpenJDK 64-Bit Server VM Temurin-17.0.1+12 (17.0.1+12, mixed mode, tiered, compressed oops, compressed class ptrs, g1 gc, windows-amd64)
GC Precious Log:
 CPUs: 8 total, 8 available
 Memory: 3900M
 Large Page Support: Disabled
 NUMA Support: Disabled
 Compressed Oops: Enabled (32-bit)
 Heap Region Size: 1M
 Heap Min Capacity: 8M
 Heap Initial Capacity: 62M
 Heap Max Capacity: 976M
 Pre-touch: Disabled
 Parallel Workers: 8
 Concurrent Workers: 2
 Concurrent Refinement Workers: 8
 Periodic GC: Disabled
Heap:
 garbage-first heap   total 40960K, used 32374K [0x00000000c3000000, 0x0000000100000000)
  region size 1024K, 9 young (9216K), 2 survivors (2048K)
 Metaspace       used 36644K, committed 36928K, reserved 1081344K
  class space    used 4183K, committed 4352K, reserved 1048576K
GC Heap History (14 events):
Event: 1.005 GC heap before
{Heap before GC invocations=0 (full 0):
 garbage-first heap   total 63488K, used 22528K [0x00000000c3000000, 0x0000000100000000)
  region size 1024K, 23 young (23552K), 0 survivors (0K)
 Metaspace       used 12769K, committed 12928K, reserved 1064960K
  class space    used 1214K, committed 1280K, reserved 1048576K
}
Event: 1.013 GC heap after
{Heap after GC invocations=1 (full 0):
 garbage-first heap   total 63488K, used 7653K [0x00000000c3000000, 0x0000000100000000)
  region size 1024K, 3 young (3072K), 3 survivors (3072K)
 Metaspace       used 12769K, committed 12928K, reserved 1064960K
  class space    used 1214K, committed 1280K, reserved 1048576K
}
Event: 1.672 GC heap before
{Heap before GC invocations=1 (full 0):
 garbage-first heap   total 63488K, used 29157K [0x00000000c3000000, 0x0000000100000000)
  region size 1024K, 24 young (24576K), 3 survivors (3072K)
 Metaspace       used 18307K, committed 18560K, reserved 1073152K
  class space    used 1826K, committed 1920K, reserved 1048576K
}
Event: 1.678 GC heap after
{Heap after GC invocations=2 (full 0):
 garbage-first heap   total 63488K, used 9956K [0x00000000c3000000, 0x0000000100000000)
  region size 1024K, 3 young (3072K), 3 survivors (3072K)
 Metaspace       used 18307K, committed 18560K, reserved 1073152K
  class space    used 1826K, committed 1920K, reserved 1048576K
}
Event: 1.990 GC heap before
{Heap before GC invocations=2 (full 0):
 garbage-first heap   total 63488K, used 22244K [0x00000000c3000000, 0x0000000100000000)
  region size 1024K, 16 young (16384K), 3 survivors (3072K)
 Metaspace       used 21282K, committed 21504K, reserved 1073152K
  class space    used 2175K, committed 2304K, reserved 1048576K
}
Event: 1.995 GC heap after
{Heap after GC invocations=3 (full 0):
 garbage-first heap   total 63488K, used 10878K [0x00000000c3000000, 0x0000000100000000)
  region size 1024K, 1 young (1024K), 1 survivors (1024K)
 Metaspace       used 21282K, committed 21504K, reserved 1073152K
  class space    used 2175K, committed 2304K, reserved 1048576K
}
Event: 3.929 GC heap before
{Heap before GC invocations=4 (full 0):
 garbage-first heap   total 40960K, used 30334K [0x00000000c3000000, 0x0000000100000000)
  region size 1024K, 22 young (22528K), 1 survivors (1024K)
 Metaspace       used 27581K, committed 27776K, reserved 1081344K
  class space    used 2961K, committed 3072K, reserved 1048576K
}
Event: 3.934 GC heap after
{Heap after GC invocations=5 (full 0):
 garbage-first heap   total 40960K, used 13433K [0x00000000c3000000, 0x0000000100000000)
  region size 1024K, 3 young (3072K), 3 survivors (3072K)
 Metaspace       used 27581K, committed 27776K, reserved 1081344K
  class space    used 2961K, committed 3072K, reserved 1048576K
}
Event: 3.963 GC heap before
{Heap before GC invocations=5 (full 0):
 garbage-first heap   total 40960K, used 14457K [0x00000000c3000000, 0x0000000100000000)
  region size 1024K, 4 young (4096K), 3 survivors (3072K)
 Metaspace       used 28164K, committed 28352K, reserved 1081344K
  class space    used 3020K, committed 3136K, reserved 1048576K
}
Event: 3.968 GC heap after
{Heap after GC invocations=6 (full 0):
 garbage-first heap   total 40960K, used 13800K [0x00000000c3000000, 0x0000000100000000)
  region size 1024K, 1 young (1024K), 1 survivors (1024K)
 Metaspace       used 28164K, committed 28352K, reserved 1081344K
  class space    used 3020K, committed 3136K, reserved 1048576K
}
Event: 4.547 GC heap before
{Heap before GC invocations=6 (full 0):
 garbage-first heap   total 40960K, used 28136K [0x00000000c3000000, 0x0000000100000000)
  region size 1024K, 15 young (15360K), 1 survivors (1024K)
 Metaspace       used 32253K, committed 32448K, reserved 1081344K
  class space    used 3576K, committed 3648K, reserved 1048576K
}
Event: 4.551 GC heap after
{Heap after GC invocations=7 (full 0):
 garbage-first heap   total 40960K, used 14624K [0x00000000c3000000, 0x0000000100000000)
  region size 1024K, 2 young (2048K), 2 survivors (2048K)
 Metaspace       used 32253K, committed 32448K, reserved 1081344K
  class space    used 3576K, committed 3648K, reserved 1048576K
}
Event: 10.241 GC heap before
{Heap before GC invocations=7 (full 0):
 garbage-first heap   total 40960K, used 33056K [0x00000000c3000000, 0x0000000100000000)
  region size 1024K, 16 young (16384K), 2 survivors (2048K)
 Metaspace       used 35803K, committed 35968K, reserved 1081344K
  class space    used 4059K, committed 4160K, reserved 1048576K
}
Event: 10.245 GC heap after
{Heap after GC invocations=8 (full 0):
 garbage-first heap   total 40960K, used 21110K [0x00000000c3000000, 0x0000000100000000)
  region size 1024K, 2 young (2048K), 2 survivors (2048K)
 Metaspace       used 35803K, committed 35968K, reserved 1081344K
  class space    used 4059K, committed 4160K, reserved 1048576K
}

