<?xml version="1.0" encoding="UTF-8"?>
<!-- Generated by org.testng.reporters.JUnitXMLReporter -->
<testsuite ignored="9" hostname="Hare-Krishna" failures="0" tests="7" name="Test1" time="465.677" errors="0" timestamp="2023-03-28T17:36:12 IST">
  <testcase classname="com.TMS.testscript.BookPackageTest" name="bookPackagetest" time="277.079"/>
  <testcase classname="com.TMS.testscript.TMS_Testscript_01" name="ManagePackagetest" time="144.326"/>
  <testcase classname="com.TMS.testscript.TMS_Testscript_01" name="createpackagetest" time="0.241"/>
  <testcase classname="com.TMS.testscript.TMS_Testscript_02" name="bookPackagetest" time="0.016"/>
  <testcase classname="com.TMS.testscript.TMS_Testscript_02" name="confirmpackagetest" time="0.01"/>
  <testcase classname="com.TMS.testscript.TMS_Testscript_03" name="createIssue" time="1.068"/>
  <testcase classname="com.TMS.testscript.CreatePackageTest" name="createpackagetest" time="5.228"/>
  <testcase classname="com.TMS.GenericUtilities.Baseclass" name="@BeforeSuite configBS" time="0.0">
    <ignored/>
  </testcase> <!-- @BeforeSuite configBS -->
  <testcase classname="com.TMS.GenericUtilities.Baseclass" name="@BeforeSuite configBS" time="0.0">
    <ignored/>
  </testcase> <!-- @BeforeSuite configBS -->
  <testcase classname="com.TMS.GenericUtilities.Baseclass" name="@BeforeSuite configBS" time="0.0">
    <ignored/>
  </testcase> <!-- @BeforeSuite configBS -->
  <testcase classname="com.TMS.GenericUtilities.Baseclass" name="@BeforeSuite configBS" time="0.0">
    <ignored/>
  </testcase> <!-- @BeforeSuite configBS -->
  <testcase classname="com.TMS.testscript.TMS_Testscript_02" name="cancelpackagetest" time="0.0">
    <ignored/>
  </testcase> <!-- cancelpackagetest -->
  <testcase classname="com.TMS.GenericUtilities.Baseclass" name="@AfterSuite configAS" time="0.0">
    <ignored/>
  </testcase> <!-- @AfterSuite configAS -->
  <testcase classname="com.TMS.GenericUtilities.Baseclass" name="@AfterSuite configAS" time="0.0">
    <ignored/>
  </testcase> <!-- @AfterSuite configAS -->
  <testcase classname="com.TMS.GenericUtilities.Baseclass" name="@AfterSuite configAS" time="0.0">
    <ignored/>
  </testcase> <!-- @AfterSuite configAS -->
  <testcase classname="com.TMS.GenericUtilities.Baseclass" name="@AfterSuite configAS" time="0.0">
    <ignored/>
  </testcase> <!-- @AfterSuite configAS -->
</testsuite> <!-- Test1 -->
