<?xml version="1.0" encoding="UTF-8"?>
<!-- Generated by org.testng.reporters.JUnitXMLReporter -->
<testsuite ignored="9" hostname="Hare-Krishna" failures="0" tests="7" name="Test2" time="1100.512" errors="0" timestamp="2023-03-28T17:25:28 IST">
  <testcase classname="com.TMS.testscript.BookPackageTest" name="bookPackagetest" time="219.838"/>
  <testcase classname="com.TMS.testscript.TMS_Testscript_01" name="ManagePackagetest" time="386.292"/>
  <testcase classname="com.TMS.testscript.TMS_Testscript_01" name="createpackagetest" time="282.734"/>
  <testcase classname="com.TMS.testscript.TMS_Testscript_02" name="bookPackagetest" time="142.638"/>
  <testcase classname="com.TMS.testscript.TMS_Testscript_02" name="confirmpackagetest" time="10.06"/>
  <testcase classname="com.TMS.testscript.TMS_Testscript_03" name="createIssue" time="18.804"/>
  <testcase classname="com.TMS.testscript.CreatePackageTest" name="createpackagetest" time="5.137"/>
  <testcase classname="com.TMS.GenericUtilities.Baseclass" name="@BeforeSuite configBS" time="0.0">
    <ignored/>
  </testcase> <!-- @BeforeSuite configBS -->
  <testcase classname="com.TMS.GenericUtilities.Baseclass" name="@BeforeSuite configBS" time="0.0">
    <ignored/>
  </testcase> <!-- @BeforeSuite configBS -->
  <testcase classname="com.TMS.GenericUtilities.Baseclass" name="@BeforeSuite configBS" time="0.0">
    <ignored/>
  </testcase> <!-- @BeforeSuite configBS -->
  <testcase classname="com.TMS.GenericUtilities.Baseclass" name="@BeforeSuite configBS" time="0.0">
    <ignored/>
  </testcase> <!-- @BeforeSuite configBS -->
  <testcase classname="com.TMS.testscript.TMS_Testscript_02" name="cancelpackagetest" time="0.0">
    <ignored/>
  </testcase> <!-- cancelpackagetest -->
  <testcase classname="com.TMS.GenericUtilities.Baseclass" name="@AfterSuite configAS" time="0.0">
    <ignored/>
  </testcase> <!-- @AfterSuite configAS -->
  <testcase classname="com.TMS.GenericUtilities.Baseclass" name="@AfterSuite configAS" time="0.0">
    <ignored/>
  </testcase> <!-- @AfterSuite configAS -->
  <testcase classname="com.TMS.GenericUtilities.Baseclass" name="@AfterSuite configAS" time="0.0">
    <ignored/>
  </testcase> <!-- @AfterSuite configAS -->
  <testcase classname="com.TMS.GenericUtilities.Baseclass" name="@AfterSuite configAS" time="0.0">
    <ignored/>
  </testcase> <!-- @AfterSuite configAS -->
</testsuite> <!-- Test2 -->
