<?xml version="1.0" encoding="UTF-8"?>
<!-- Generated by org.testng.reporters.JUnitXMLReporter -->
<testsuite ignored="5" hostname="Hare-Krishna" failures="1" tests="6" name="Test" time="614.56" errors="0" timestamp="2023-03-31T10:51:34 IST">
  <testcase classname="com.TMS.testscript.TMS_TourPackageTest" name="CreatePackageTest" time="271.543">
    <failure type="java.lang.AssertionError" message="The following asserts failed:
	null">
      <![CDATA[java.lang.AssertionError: The following asserts failed:
null
at com.TMS.testscript.TMS_TourPackageTest.CreatePackageTest(TMS_TourPackageTest.java:52)
at java.base/java.util.ArrayList.forEach(ArrayList.java:1511)
at java.base/java.util.concurrent.FutureTask.run(FutureTask.java:264)
at java.base/java.util.concurrent.ThreadPoolExecutor.runWorker(ThreadPoolExecutor.java:1136)
at java.base/java.util.concurrent.ThreadPoolExecutor$Worker.run(ThreadPoolExecutor.java:635)
at java.base/java.lang.Thread.run(Thread.java:833)
... Removed 20 stack frames]]>
    </failure>
  </testcase> <!-- CreatePackageTest -->
  <testcase classname="com.TMS.testscript.TMS_TourPackageTest" name="ManagePackageTest" time="288.349"/>
  <testcase classname="com.TMS.testscript.TMS_ManageBookingTest" name="ConfirmBookingTest" time="4.061"/>
  <testcase classname="com.TMS.testscript.TMS_ManageBookingTest" name="PackageBookingTest" time="11.545"/>
  <testcase classname="com.TMS.testscript.TMS_ManageIssuesTest" name="createIssue" time="12.076"/>
  <testcase classname="com.TMS.testscript.TMS_ManageIssuesTest" name="manageIssue" time="4.737"/>
  <testcase classname="com.TMS.GenericUtilities.Baseclass" name="@BeforeSuite configBS" time="0.0">
    <ignored/>
  </testcase> <!-- @BeforeSuite configBS -->
  <testcase classname="com.TMS.GenericUtilities.Baseclass" name="@BeforeSuite configBS" time="0.0">
    <ignored/>
  </testcase> <!-- @BeforeSuite configBS -->
  <testcase classname="com.TMS.testscript.TMS_ManageBookingTest" name="CancelBookingTest" time="0.0">
    <ignored/>
  </testcase> <!-- CancelBookingTest -->
  <testcase classname="com.TMS.GenericUtilities.Baseclass" name="@AfterSuite configAS" time="0.0">
    <ignored/>
  </testcase> <!-- @AfterSuite configAS -->
  <testcase classname="com.TMS.GenericUtilities.Baseclass" name="@AfterSuite configAS" time="0.0">
    <ignored/>
  </testcase> <!-- @AfterSuite configAS -->
</testsuite> <!-- Test -->
